<?xml version="1.0" encoding="UTF-8"?>
<!-- Generated by org.testng.reporters.JUnitReportReporter -->
<testsuite hostname="DESKTOP-JHQKOAA" failures="0" tests="1" name="rahulshettyacademy.tests.ErrorValidations" time="3.823" errors="0" timestamp="2024-02-02T20:23:31 IST" skipped="0">
  <testcase classname="rahulshettyacademy.tests.ErrorValidations" name="submitOrder" time="3.823"/>
</testsuite> <!-- rahulshettyacademy.tests.ErrorValidations -->
