<?xml version="1.0" encoding="UTF-8"?>
<!-- Generated by org.testng.reporters.JUnitReportReporter -->
<testsuite hostname="DESKTOP-JHQKOAA" failures="0" tests="2" name="rahulshettyacademy.tests.ErrorValidationsTest" time="39.475" errors="0" timestamp="2024-04-05T17:06:54 IST" skipped="0">
  <testcase classname="rahulshettyacademy.tests.ErrorValidationsTest" name="LoginErrorValidation" time="3.978"/>
  <testcase classname="rahulshettyacademy.tests.ErrorValidationsTest" name="ProductErrorValidation" time="35.497"/>
</testsuite> <!-- rahulshettyacademy.tests.ErrorValidationsTest -->
