<?xml version="1.0" encoding="UTF-8"?>
<!-- Generated by org.testng.reporters.JUnitReportReporter -->
<testsuite hostname="DESKTOP-JHQKOAA" failures="0" tests="1" name="cucumber.TestNGTestRunner" time="8.337" errors="0" timestamp="2024-04-18T19:20:13 IST" skipped="0">
  <testcase classname="cucumber.TestNGTestRunner" name="runScenario" time="8.337"/>
</testsuite> <!-- cucumber.TestNGTestRunner -->
