<?xml version="1.0" encoding="UTF-8"?>
<!-- Generated by org.testng.reporters.JUnitReportReporter -->
<testsuite hostname="DESKTOP-JHQKOAA" failures="0" tests="3" name="rahulshettyacademy.tests.SubmitOrderTest" time="17.278" errors="0" timestamp="2024-04-05T17:06:54 IST" skipped="0">
  <testcase classname="rahulshettyacademy.tests.SubmitOrderTest" name="OrderHistoryTest" time="3.898"/>
  <testcase classname="rahulshettyacademy.tests.SubmitOrderTest" name="submitOrder" time="6.197"/>
  <testcase classname="rahulshettyacademy.tests.SubmitOrderTest" name="submitOrder" time="7.183"/>
</testsuite> <!-- rahulshettyacademy.tests.SubmitOrderTest -->
